done 5a
hello 100
0
test here:  torch.FloatTensor
test here:  torch.FloatTensor
test here:  torch.FloatTensor
test here:  torch.FloatTensor
test here:  torch.FloatTensor
test here:  torch.FloatTensor
test here:  torch.FloatTensor
test here:  torch.FloatTensor
test here:  torch.FloatTensor
test here:  torch.FloatTensor
10
test here:  torch.FloatTensor
test here:  torch.FloatTensor
test here:  torch.FloatTensor
test here:  torch.FloatTensor
test here:  torch.FloatTensor
test here:  torch.FloatTensor
test here:  torch.FloatTensor
test here:  torch.FloatTensor
test here:  torch.FloatTensor
test here:  torch.FloatTensor
20
test here:  torch.FloatTensor
test here:  torch.FloatTensor
test here:  torch.FloatTensor
test here:  torch.FloatTensor
test here:  torch.FloatTensor
test here:  torch.FloatTensor
test here:  torch.FloatTensor
test here:  torch.FloatTensor
test here:  torch.FloatTensor
test here:  torch.FloatTensor
30
test here:  torch.FloatTensor
test here:  torch.FloatTensor
test here:  torch.FloatTensor
test here:  torch.FloatTensor
test here:  torch.FloatTensor
test here:  torch.FloatTensor
test here:  torch.FloatTensor
test here:  torch.FloatTensor
test here:  torch.FloatTensor
test here:  torch.FloatTensor
40
test here:  torch.FloatTensor
test here:  torch.FloatTensor
test here:  torch.FloatTensor
test here:  torch.FloatTensor
test here:  torch.FloatTensor
test here:  torch.FloatTensor
test here:  torch.FloatTensor
test here:  torch.FloatTensor
test here:  torch.FloatTensor
test here:  torch.FloatTensor
50
test here:  torch.FloatTensor
test here:  torch.FloatTensor
test here:  torch.FloatTensor
test here:  torch.FloatTensor
test here:  torch.FloatTensor
test here:  torch.FloatTensor
test here:  torch.FloatTensor
test here:  torch.FloatTensor
test here:  torch.FloatTensor
test here:  torch.FloatTensor
60
test here:  torch.FloatTensor
test here:  torch.FloatTensor
test here:  torch.FloatTensor
test here:  torch.FloatTensor
test here:  torch.FloatTensor
test here:  torch.FloatTensor
test here:  torch.FloatTensor
test here:  torch.FloatTensor
test here:  torch.FloatTensor
test here:  torch.FloatTensor
70
test here:  torch.FloatTensor
test here:  torch.FloatTensor
test here:  torch.FloatTensor
test here:  torch.FloatTensor
test here:  torch.FloatTensor
test here:  torch.FloatTensor
test here:  torch.FloatTensor
test here:  torch.FloatTensor
test here:  torch.FloatTensor
test here:  torch.FloatTensor
80
test here:  torch.FloatTensor
test here:  torch.FloatTensor
test here:  torch.FloatTensor
test here:  torch.FloatTensor
test here:  torch.FloatTensor
test here:  torch.FloatTensor
test here:  torch.FloatTensor
test here:  torch.FloatTensor
test here:  torch.FloatTensor
test here:  torch.FloatTensor
90
test here:  torch.FloatTensor
test here:  torch.FloatTensor
test here:  torch.FloatTensor
test here:  torch.FloatTensor
test here:  torch.FloatTensor
test here:  torch.FloatTensor
test here:  torch.FloatTensor
test here:  torch.FloatTensor
test here:  torch.FloatTensor
test here:  torch.FloatTensor
0.3 0.3 [0.33 0.4  0.3  0.3 ]
