look here! tensor(-0.9992, device='cuda:0', grad_fn=<NegBackward>) tensor(-0.1083, device='cuda:0', grad_fn=<NegBackward>)
look here! tensor(-1.0244, device='cuda:0', grad_fn=<NegBackward>) tensor(-0.1083, device='cuda:0', grad_fn=<NegBackward>)
look here! tensor(-0.9452, device='cuda:0', grad_fn=<NegBackward>) tensor(-0.1083, device='cuda:0', grad_fn=<NegBackward>)
look here! tensor(-1.0473, device='cuda:0', grad_fn=<NegBackward>) tensor(-0.1083, device='cuda:0', grad_fn=<NegBackward>)
hi there! [0.1083042  0.10830424 0.10830421 0.10830422]
done 5a
hello 18533
0
test here:  torch.FloatTensor
test here:  torch.FloatTensor
test here:  torch.FloatTensor
test here:  torch.FloatTensor
test here:  torch.FloatTensor
test here:  torch.FloatTensor
test here:  torch.FloatTensor
test here:  torch.FloatTensor
test here:  torch.FloatTensor
test here:  torch.FloatTensor
10
test here:  torch.FloatTensor
test here:  torch.FloatTensor
test here:  torch.FloatTensor
test here:  torch.FloatTensor
test here:  torch.FloatTensor
test here:  torch.FloatTensor
test here:  torch.FloatTensor
test here:  torch.FloatTensor
test here:  torch.FloatTensor
test here:  torch.FloatTensor
20
test here:  torch.FloatTensor
test here:  torch.FloatTensor
test here:  torch.FloatTensor
test here:  torch.FloatTensor
test here:  torch.FloatTensor
test here:  torch.FloatTensor
test here:  torch.FloatTensor
test here:  torch.FloatTensor
test here:  torch.FloatTensor
test here:  torch.FloatTensor
30
test here:  torch.FloatTensor
test here:  torch.FloatTensor
test here:  torch.FloatTensor
test here:  torch.FloatTensor
test here:  torch.FloatTensor
test here:  torch.FloatTensor
test here:  torch.FloatTensor
test here:  torch.FloatTensor
test here:  torch.FloatTensor
test here:  torch.FloatTensor
40
test here:  torch.FloatTensor
test here:  torch.FloatTensor
test here:  torch.FloatTensor
test here:  torch.FloatTensor
test here:  torch.FloatTensor
test here:  torch.FloatTensor
test here:  torch.FloatTensor
test here:  torch.FloatTensor
test here:  torch.FloatTensor
test here:  torch.FloatTensor
50
test here:  torch.FloatTensor
test here:  torch.FloatTensor
test here:  torch.FloatTensor
test here:  torch.FloatTensor
test here:  torch.FloatTensor
test here:  torch.FloatTensor
test here:  torch.FloatTensor
test here:  torch.FloatTensor
test here:  torch.FloatTensor
test here:  torch.FloatTensor
60
test here:  torch.FloatTensor
test here:  torch.FloatTensor
test here:  torch.FloatTensor
test here:  torch.FloatTensor
test here:  torch.FloatTensor
test here:  torch.FloatTensor
test here:  torch.FloatTensor
test here:  torch.FloatTensor
test here:  torch.FloatTensor
test here:  torch.FloatTensor
70
test here:  torch.FloatTensor
test here:  torch.FloatTensor
test here:  torch.FloatTensor
test here:  torch.FloatTensor
test here:  torch.FloatTensor
test here:  torch.FloatTensor
test here:  torch.FloatTensor
test here:  torch.FloatTensor
test here:  torch.FloatTensor
test here:  torch.FloatTensor
80
test here:  torch.FloatTensor
test here:  torch.FloatTensor
test here:  torch.FloatTensor
test here:  torch.FloatTensor
test here:  torch.FloatTensor
test here:  torch.FloatTensor
test here:  torch.FloatTensor
test here:  torch.FloatTensor
test here:  torch.FloatTensor
test here:  torch.FloatTensor
90
test here:  torch.FloatTensor
test here:  torch.FloatTensor
test here:  torch.FloatTensor
test here:  torch.FloatTensor
test here:  torch.FloatTensor
test here:  torch.FloatTensor
test here:  torch.FloatTensor
test here:  torch.FloatTensor
test here:  torch.FloatTensor
test here:  torch.FloatTensor
100
test here:  torch.FloatTensor
test here:  torch.FloatTensor
test here:  torch.FloatTensor
test here:  torch.FloatTensor
test here:  torch.FloatTensor
test here:  torch.FloatTensor
test here:  torch.FloatTensor
test here:  torch.FloatTensor
test here:  torch.FloatTensor
test here:  torch.FloatTensor
110
test here:  torch.FloatTensor
test here:  torch.FloatTensor
test here:  torch.FloatTensor
test here:  torch.FloatTensor
test here:  torch.FloatTensor
test here:  torch.FloatTensor
test here:  torch.FloatTensor
test here:  torch.FloatTensor
test here:  torch.FloatTensor
test here:  torch.FloatTensor
120
test here:  torch.FloatTensor
test here:  torch.FloatTensor
test here:  torch.FloatTensor
test here:  torch.FloatTensor
test here:  torch.FloatTensor
test here:  torch.FloatTensor
test here:  torch.FloatTensor
test here:  torch.FloatTensor
test here:  torch.FloatTensor
test here:  torch.FloatTensor
130
test here:  torch.FloatTensor
test here:  torch.FloatTensor
test here:  torch.FloatTensor
test here:  torch.FloatTensor
test here:  torch.FloatTensor
test here:  torch.FloatTensor
test here:  torch.FloatTensor
test here:  torch.FloatTensor
test here:  torch.FloatTensor
test here:  torch.FloatTensor
140
test here:  torch.FloatTensor
test here:  torch.FloatTensor
test here:  torch.FloatTensor
test here:  torch.FloatTensor
test here:  torch.FloatTensor
test here:  torch.FloatTensor
test here:  torch.FloatTensor
test here:  torch.FloatTensor
test here:  torch.FloatTensor
test here:  torch.FloatTensor
150
test here:  torch.FloatTensor
test here:  torch.FloatTensor
test here:  torch.FloatTensor
test here:  torch.FloatTensor
test here:  torch.FloatTensor
test here:  torch.FloatTensor
test here:  torch.FloatTensor
test here:  torch.FloatTensor
test here:  torch.FloatTensor
test here:  torch.FloatTensor
160
test here:  torch.FloatTensor
test here:  torch.FloatTensor
test here:  torch.FloatTensor
test here:  torch.FloatTensor
test here:  torch.FloatTensor
test here:  torch.FloatTensor
test here:  torch.FloatTensor
test here:  torch.FloatTensor
test here:  torch.FloatTensor
test here:  torch.FloatTensor
170
test here:  torch.FloatTensor
test here:  torch.FloatTensor
test here:  torch.FloatTensor
test here:  torch.FloatTensor
test here:  torch.FloatTensor
test here:  torch.FloatTensor
test here:  torch.FloatTensor
test here:  torch.FloatTensor
test here:  torch.FloatTensor
test here:  torch.FloatTensor
180
test here:  torch.FloatTensor
test here:  torch.FloatTensor
test here:  torch.FloatTensor
test here:  torch.FloatTensor
test here:  torch.FloatTensor
test here:  torch.FloatTensor
test here:  torch.FloatTensor
test here:  torch.FloatTensor
test here:  torch.FloatTensor
test here:  torch.FloatTensor
190
test here:  torch.FloatTensor
test here:  torch.FloatTensor
test here:  torch.FloatTensor
test here:  torch.FloatTensor
test here:  torch.FloatTensor
test here:  torch.FloatTensor
test here:  torch.FloatTensor
test here:  torch.FloatTensor
test here:  torch.FloatTensor
test here:  torch.FloatTensor
200
test here:  torch.FloatTensor
test here:  torch.FloatTensor
test here:  torch.FloatTensor
test here:  torch.FloatTensor
test here:  torch.FloatTensor
test here:  torch.FloatTensor
test here:  torch.FloatTensor
test here:  torch.FloatTensor
test here:  torch.FloatTensor
test here:  torch.FloatTensor
210
test here:  torch.FloatTensor
test here:  torch.FloatTensor
test here:  torch.FloatTensor
test here:  torch.FloatTensor
test here:  torch.FloatTensor
test here:  torch.FloatTensor
test here:  torch.FloatTensor
test here:  torch.FloatTensor
test here:  torch.FloatTensor
test here:  torch.FloatTensor
220
test here:  torch.FloatTensor
test here:  torch.FloatTensor
test here:  torch.FloatTensor
test here:  torch.FloatTensor
test here:  torch.FloatTensor
test here:  torch.FloatTensor
test here:  torch.FloatTensor
test here:  torch.FloatTensor
test here:  torch.FloatTensor
test here:  torch.FloatTensor
230
test here:  torch.FloatTensor
test here:  torch.FloatTensor
test here:  torch.FloatTensor
test here:  torch.FloatTensor
test here:  torch.FloatTensor
test here:  torch.FloatTensor
test here:  torch.FloatTensor
test here:  torch.FloatTensor
test here:  torch.FloatTensor
test here:  torch.FloatTensor
240
test here:  torch.FloatTensor
test here:  torch.FloatTensor
test here:  torch.FloatTensor
test here:  torch.FloatTensor
test here:  torch.FloatTensor
test here:  torch.FloatTensor
test here:  torch.FloatTensor
test here:  torch.FloatTensor
test here:  torch.FloatTensor
test here:  torch.FloatTensor
250
test here:  torch.FloatTensor
test here:  torch.FloatTensor
test here:  torch.FloatTensor
test here:  torch.FloatTensor
test here:  torch.FloatTensor
test here:  torch.FloatTensor
test here:  torch.FloatTensor
test here:  torch.FloatTensor
test here:  torch.FloatTensor
test here:  torch.FloatTensor
260
test here:  torch.FloatTensor
test here:  torch.FloatTensor
test here:  torch.FloatTensor
test here:  torch.FloatTensor
test here:  torch.FloatTensor
test here:  torch.FloatTensor
test here:  torch.FloatTensor
test here:  torch.FloatTensor
test here:  torch.FloatTensor
test here:  torch.FloatTensor
270
test here:  torch.FloatTensor
test here:  torch.FloatTensor
test here:  torch.FloatTensor
test here:  torch.FloatTensor
test here:  torch.FloatTensor
test here:  torch.FloatTensor
test here:  torch.FloatTensor
test here:  torch.FloatTensor
test here:  torch.FloatTensor
test here:  torch.FloatTensor
280
test here:  torch.FloatTensor
test here:  torch.FloatTensor
test here:  torch.FloatTensor
test here:  torch.FloatTensor
test here:  torch.FloatTensor
test here:  torch.FloatTensor
test here:  torch.FloatTensor
test here:  torch.FloatTensor
test here:  torch.FloatTensor
test here:  torch.FloatTensor
290
test here:  torch.FloatTensor
test here:  torch.FloatTensor
test here:  torch.FloatTensor
test here:  torch.FloatTensor
test here:  torch.FloatTensor
test here:  torch.FloatTensor
test here:  torch.FloatTensor
test here:  torch.FloatTensor
test here:  torch.FloatTensor
test here:  torch.FloatTensor
300
test here:  torch.FloatTensor
test here:  torch.FloatTensor
test here:  torch.FloatTensor
test here:  torch.FloatTensor
test here:  torch.FloatTensor
test here:  torch.FloatTensor
test here:  torch.FloatTensor
test here:  torch.FloatTensor
test here:  torch.FloatTensor
test here:  torch.FloatTensor
310
test here:  torch.FloatTensor
test here:  torch.FloatTensor
test here:  torch.FloatTensor
test here:  torch.FloatTensor
test here:  torch.FloatTensor
test here:  torch.FloatTensor
test here:  torch.FloatTensor
test here:  torch.FloatTensor
test here:  torch.FloatTensor
test here:  torch.FloatTensor
320
test here:  torch.FloatTensor
test here:  torch.FloatTensor
test here:  torch.FloatTensor
test here:  torch.FloatTensor
test here:  torch.FloatTensor
test here:  torch.FloatTensor
test here:  torch.FloatTensor
test here:  torch.FloatTensor
test here:  torch.FloatTensor
test here:  torch.FloatTensor
330
test here:  torch.FloatTensor
test here:  torch.FloatTensor
test here:  torch.FloatTensor
test here:  torch.FloatTensor
test here:  torch.FloatTensor
test here:  torch.FloatTensor
test here:  torch.FloatTensor
test here:  torch.FloatTensor
test here:  torch.FloatTensor
test here:  torch.FloatTensor
340
test here:  torch.FloatTensor
test here:  torch.FloatTensor
test here:  torch.FloatTensor
test here:  torch.FloatTensor
test here:  torch.FloatTensor
test here:  torch.FloatTensor
test here:  torch.FloatTensor
test here:  torch.FloatTensor
test here:  torch.FloatTensor
test here:  torch.FloatTensor
350
test here:  torch.FloatTensor
test here:  torch.FloatTensor
test here:  torch.FloatTensor
test here:  torch.FloatTensor
test here:  torch.FloatTensor
test here:  torch.FloatTensor
test here:  torch.FloatTensor
test here:  torch.FloatTensor
test here:  torch.FloatTensor
test here:  torch.FloatTensor
360
test here:  torch.FloatTensor
test here:  torch.FloatTensor
test here:  torch.FloatTensor
test here:  torch.FloatTensor
test here:  torch.FloatTensor
test here:  torch.FloatTensor
test here:  torch.FloatTensor
test here:  torch.FloatTensor
test here:  torch.FloatTensor
test here:  torch.FloatTensor
370
test here:  torch.FloatTensor
test here:  torch.FloatTensor
test here:  torch.FloatTensor
test here:  torch.FloatTensor
test here:  torch.FloatTensor
test here:  torch.FloatTensor
test here:  torch.FloatTensor
test here:  torch.FloatTensor
test here:  torch.FloatTensor
test here:  torch.FloatTensor
380
test here:  torch.FloatTensor
test here:  torch.FloatTensor
test here:  torch.FloatTensor
test here:  torch.FloatTensor
test here:  torch.FloatTensor
test here:  torch.FloatTensor
test here:  torch.FloatTensor
test here:  torch.FloatTensor
test here:  torch.FloatTensor
test here:  torch.FloatTensor
390
test here:  torch.FloatTensor
test here:  torch.FloatTensor
test here:  torch.FloatTensor
test here:  torch.FloatTensor
test here:  torch.FloatTensor
test here:  torch.FloatTensor
test here:  torch.FloatTensor
test here:  torch.FloatTensor
test here:  torch.FloatTensor
test here:  torch.FloatTensor
400
test here:  torch.FloatTensor
test here:  torch.FloatTensor
test here:  torch.FloatTensor
test here:  torch.FloatTensor
test here:  torch.FloatTensor
test here:  torch.FloatTensor
test here:  torch.FloatTensor
test here:  torch.FloatTensor
test here:  torch.FloatTensor
test here:  torch.FloatTensor
410
test here:  torch.FloatTensor
test here:  torch.FloatTensor
test here:  torch.FloatTensor
test here:  torch.FloatTensor
test here:  torch.FloatTensor
test here:  torch.FloatTensor
test here:  torch.FloatTensor
test here:  torch.FloatTensor
test here:  torch.FloatTensor
test here:  torch.FloatTensor
420
test here:  torch.FloatTensor
test here:  torch.FloatTensor
test here:  torch.FloatTensor
test here:  torch.FloatTensor
test here:  torch.FloatTensor
test here:  torch.FloatTensor
test here:  torch.FloatTensor
test here:  torch.FloatTensor
test here:  torch.FloatTensor
test here:  torch.FloatTensor
430
test here:  torch.FloatTensor
test here:  torch.FloatTensor
test here:  torch.FloatTensor
test here:  torch.FloatTensor
test here:  torch.FloatTensor
test here:  torch.FloatTensor
test here:  torch.FloatTensor
test here:  torch.FloatTensor
test here:  torch.FloatTensor
test here:  torch.FloatTensor
440
test here:  torch.FloatTensor
test here:  torch.FloatTensor
test here:  torch.FloatTensor
test here:  torch.FloatTensor
test here:  torch.FloatTensor
test here:  torch.FloatTensor
test here:  torch.FloatTensor
test here:  torch.FloatTensor
test here:  torch.FloatTensor
test here:  torch.FloatTensor
450
test here:  torch.FloatTensor
test here:  torch.FloatTensor
test here:  torch.FloatTensor
test here:  torch.FloatTensor
test here:  torch.FloatTensor
test here:  torch.FloatTensor
test here:  torch.FloatTensor
test here:  torch.FloatTensor
test here:  torch.FloatTensor
test here:  torch.FloatTensor
460
test here:  torch.FloatTensor
test here:  torch.FloatTensor
test here:  torch.FloatTensor
test here:  torch.FloatTensor
test here:  torch.FloatTensor
test here:  torch.FloatTensor
test here:  torch.FloatTensor
test here:  torch.FloatTensor
test here:  torch.FloatTensor
test here:  torch.FloatTensor
470
test here:  torch.FloatTensor
test here:  torch.FloatTensor
test here:  torch.FloatTensor
test here:  torch.FloatTensor
test here:  torch.FloatTensor
test here:  torch.FloatTensor
test here:  torch.FloatTensor
test here:  torch.FloatTensor
test here:  torch.FloatTensor
test here:  torch.FloatTensor
480
test here:  torch.FloatTensor
test here:  torch.FloatTensor
test here:  torch.FloatTensor
test here:  torch.FloatTensor
test here:  torch.FloatTensor
test here:  torch.FloatTensor
test here:  torch.FloatTensor
test here:  torch.FloatTensor
test here:  torch.FloatTensor
test here:  torch.FloatTensor
490
test here:  torch.FloatTensor
test here:  torch.FloatTensor
test here:  torch.FloatTensor
test here:  torch.FloatTensor
test here:  torch.FloatTensor
test here:  torch.FloatTensor
test here:  torch.FloatTensor
test here:  torch.FloatTensor
test here:  torch.FloatTensor
test here:  torch.FloatTensor
500
test here:  torch.FloatTensor
test here:  torch.FloatTensor
test here:  torch.FloatTensor
test here:  torch.FloatTensor
test here:  torch.FloatTensor
test here:  torch.FloatTensor
test here:  torch.FloatTensor
test here:  torch.FloatTensor
test here:  torch.FloatTensor
test here:  torch.FloatTensor
510
test here:  torch.FloatTensor
test here:  torch.FloatTensor
test here:  torch.FloatTensor
test here:  torch.FloatTensor
test here:  torch.FloatTensor
test here:  torch.FloatTensor
test here:  torch.FloatTensor
test here:  torch.FloatTensor
test here:  torch.FloatTensor
test here:  torch.FloatTensor
520
test here:  torch.FloatTensor
test here:  torch.FloatTensor
test here:  torch.FloatTensor
test here:  torch.FloatTensor
test here:  torch.FloatTensor
test here:  torch.FloatTensor
test here:  torch.FloatTensor
test here:  torch.FloatTensor
test here:  torch.FloatTensor
test here:  torch.FloatTensor
530
test here:  torch.FloatTensor
test here:  torch.FloatTensor
test here:  torch.FloatTensor
test here:  torch.FloatTensor
test here:  torch.FloatTensor
test here:  torch.FloatTensor
test here:  torch.FloatTensor
test here:  torch.FloatTensor
test here:  torch.FloatTensor
test here:  torch.FloatTensor
540
test here:  torch.FloatTensor
test here:  torch.FloatTensor
test here:  torch.FloatTensor
test here:  torch.FloatTensor
test here:  torch.FloatTensor
test here:  torch.FloatTensor
test here:  torch.FloatTensor
test here:  torch.FloatTensor
test here:  torch.FloatTensor
test here:  torch.FloatTensor
550
test here:  torch.FloatTensor
test here:  torch.FloatTensor
test here:  torch.FloatTensor
test here:  torch.FloatTensor
test here:  torch.FloatTensor
test here:  torch.FloatTensor
test here:  torch.FloatTensor
test here:  torch.FloatTensor
test here:  torch.FloatTensor
test here:  torch.FloatTensor
560
test here:  torch.FloatTensor
test here:  torch.FloatTensor
test here:  torch.FloatTensor
test here:  torch.FloatTensor
test here:  torch.FloatTensor
test here:  torch.FloatTensor
test here:  torch.FloatTensor
test here:  torch.FloatTensor
test here:  torch.FloatTensor
test here:  torch.FloatTensor
570
test here:  torch.FloatTensor
test here:  torch.FloatTensor
test here:  torch.FloatTensor
test here:  torch.FloatTensor
test here:  torch.FloatTensor
test here:  torch.FloatTensor
test here:  torch.FloatTensor
test here:  torch.FloatTensor
test here:  torch.FloatTensor
test here:  torch.FloatTensor
580
test here:  torch.FloatTensor
test here:  torch.FloatTensor
test here:  torch.FloatTensor
test here:  torch.FloatTensor
test here:  torch.FloatTensor
test here:  torch.FloatTensor
test here:  torch.FloatTensor
test here:  torch.FloatTensor
test here:  torch.FloatTensor
test here:  torch.FloatTensor
590
test here:  torch.FloatTensor
test here:  torch.FloatTensor
test here:  torch.FloatTensor
test here:  torch.FloatTensor
test here:  torch.FloatTensor
test here:  torch.FloatTensor
test here:  torch.FloatTensor
test here:  torch.FloatTensor
test here:  torch.FloatTensor
test here:  torch.FloatTensor
600
test here:  torch.FloatTensor
test here:  torch.FloatTensor
test here:  torch.FloatTensor
test here:  torch.FloatTensor
test here:  torch.FloatTensor
test here:  torch.FloatTensor
test here:  torch.FloatTensor
test here:  torch.FloatTensor
test here:  torch.FloatTensor
test here:  torch.FloatTensor
610
test here:  torch.FloatTensor
test here:  torch.FloatTensor
test here:  torch.FloatTensor
test here:  torch.FloatTensor
test here:  torch.FloatTensor
test here:  torch.FloatTensor
test here:  torch.FloatTensor
test here:  torch.FloatTensor
test here:  torch.FloatTensor
test here:  torch.FloatTensor
620
test here:  torch.FloatTensor
test here:  torch.FloatTensor
test here:  torch.FloatTensor
test here:  torch.FloatTensor
test here:  torch.FloatTensor
test here:  torch.FloatTensor
test here:  torch.FloatTensor
test here:  torch.FloatTensor
test here:  torch.FloatTensor
test here:  torch.FloatTensor
630
test here:  torch.FloatTensor
test here:  torch.FloatTensor
test here:  torch.FloatTensor
test here:  torch.FloatTensor
test here:  torch.FloatTensor
test here:  torch.FloatTensor
test here:  torch.FloatTensor
test here:  torch.FloatTensor
test here:  torch.FloatTensor
test here:  torch.FloatTensor
640
test here:  torch.FloatTensor
test here:  torch.FloatTensor
test here:  torch.FloatTensor
test here:  torch.FloatTensor
test here:  torch.FloatTensor
test here:  torch.FloatTensor
test here:  torch.FloatTensor
test here:  torch.FloatTensor
test here:  torch.FloatTensor
test here:  torch.FloatTensor
650
test here:  torch.FloatTensor
test here:  torch.FloatTensor
test here:  torch.FloatTensor
test here:  torch.FloatTensor
test here:  torch.FloatTensor
test here:  torch.FloatTensor
test here:  torch.FloatTensor
test here:  torch.FloatTensor
test here:  torch.FloatTensor
test here:  torch.FloatTensor
660
test here:  torch.FloatTensor
test here:  torch.FloatTensor
test here:  torch.FloatTensor
test here:  torch.FloatTensor
test here:  torch.FloatTensor
test here:  torch.FloatTensor
test here:  torch.FloatTensor
test here:  torch.FloatTensor
test here:  torch.FloatTensor
test here:  torch.FloatTensor
670
test here:  torch.FloatTensor
test here:  torch.FloatTensor
test here:  torch.FloatTensor
test here:  torch.FloatTensor
test here:  torch.FloatTensor
test here:  torch.FloatTensor
test here:  torch.FloatTensor
test here:  torch.FloatTensor
test here:  torch.FloatTensor
test here:  torch.FloatTensor
680
test here:  torch.FloatTensor
test here:  torch.FloatTensor
test here:  torch.FloatTensor
test here:  torch.FloatTensor
test here:  torch.FloatTensor
test here:  torch.FloatTensor
test here:  torch.FloatTensor
test here:  torch.FloatTensor
test here:  torch.FloatTensor
test here:  torch.FloatTensor
690
test here:  torch.FloatTensor
test here:  torch.FloatTensor
test here:  torch.FloatTensor
test here:  torch.FloatTensor
test here:  torch.FloatTensor
test here:  torch.FloatTensor
test here:  torch.FloatTensor
test here:  torch.FloatTensor
test here:  torch.FloatTensor
test here:  torch.FloatTensor
700
test here:  torch.FloatTensor
test here:  torch.FloatTensor
test here:  torch.FloatTensor
test here:  torch.FloatTensor
test here:  torch.FloatTensor
test here:  torch.FloatTensor
test here:  torch.FloatTensor
test here:  torch.FloatTensor
test here:  torch.FloatTensor
test here:  torch.FloatTensor
710
test here:  torch.FloatTensor
test here:  torch.FloatTensor
test here:  torch.FloatTensor
test here:  torch.FloatTensor
test here:  torch.FloatTensor
test here:  torch.FloatTensor
test here:  torch.FloatTensor
test here:  torch.FloatTensor
test here:  torch.FloatTensor
test here:  torch.FloatTensor
720
test here:  torch.FloatTensor
test here:  torch.FloatTensor
test here:  torch.FloatTensor
test here:  torch.FloatTensor
test here:  torch.FloatTensor
test here:  torch.FloatTensor
test here:  torch.FloatTensor
test here:  torch.FloatTensor
test here:  torch.FloatTensor
test here:  torch.FloatTensor
730
test here:  torch.FloatTensor
test here:  torch.FloatTensor
test here:  torch.FloatTensor
test here:  torch.FloatTensor
test here:  torch.FloatTensor
test here:  torch.FloatTensor
test here:  torch.FloatTensor
test here:  torch.FloatTensor
test here:  torch.FloatTensor
test here:  torch.FloatTensor
740
test here:  torch.FloatTensor
test here:  torch.FloatTensor
test here:  torch.FloatTensor
test here:  torch.FloatTensor
test here:  torch.FloatTensor
test here:  torch.FloatTensor
test here:  torch.FloatTensor
test here:  torch.FloatTensor
test here:  torch.FloatTensor
test here:  torch.FloatTensor
750
test here:  torch.FloatTensor
test here:  torch.FloatTensor
test here:  torch.FloatTensor
test here:  torch.FloatTensor
test here:  torch.FloatTensor
test here:  torch.FloatTensor
test here:  torch.FloatTensor
test here:  torch.FloatTensor
test here:  torch.FloatTensor
test here:  torch.FloatTensor
760
test here:  torch.FloatTensor
test here:  torch.FloatTensor
test here:  torch.FloatTensor
test here:  torch.FloatTensor
test here:  torch.FloatTensor
test here:  torch.FloatTensor
test here:  torch.FloatTensor
test here:  torch.FloatTensor
test here:  torch.FloatTensor
test here:  torch.FloatTensor
770
test here:  torch.FloatTensor
test here:  torch.FloatTensor
test here:  torch.FloatTensor
test here:  torch.FloatTensor
test here:  torch.FloatTensor
test here:  torch.FloatTensor
test here:  torch.FloatTensor
test here:  torch.FloatTensor
test here:  torch.FloatTensor
test here:  torch.FloatTensor
780
test here:  torch.FloatTensor
test here:  torch.FloatTensor
test here:  torch.FloatTensor
test here:  torch.FloatTensor
test here:  torch.FloatTensor
test here:  torch.FloatTensor
test here:  torch.FloatTensor
test here:  torch.FloatTensor
test here:  torch.FloatTensor
test here:  torch.FloatTensor
790
test here:  torch.FloatTensor
test here:  torch.FloatTensor
test here:  torch.FloatTensor
test here:  torch.FloatTensor
test here:  torch.FloatTensor
test here:  torch.FloatTensor
test here:  torch.FloatTensor
test here:  torch.FloatTensor
test here:  torch.FloatTensor
test here:  torch.FloatTensor
800
test here:  torch.FloatTensor
test here:  torch.FloatTensor
test here:  torch.FloatTensor
test here:  torch.FloatTensor
test here:  torch.FloatTensor
test here:  torch.FloatTensor
test here:  torch.FloatTensor
test here:  torch.FloatTensor
test here:  torch.FloatTensor
test here:  torch.FloatTensor
810
test here:  torch.FloatTensor
test here:  torch.FloatTensor
test here:  torch.FloatTensor
test here:  torch.FloatTensor
test here:  torch.FloatTensor
test here:  torch.FloatTensor
test here:  torch.FloatTensor
test here:  torch.FloatTensor
test here:  torch.FloatTensor
test here:  torch.FloatTensor
820
test here:  torch.FloatTensor
test here:  torch.FloatTensor
test here:  torch.FloatTensor
test here:  torch.FloatTensor
test here:  torch.FloatTensor
test here:  torch.FloatTensor
test here:  torch.FloatTensor
test here:  torch.FloatTensor
test here:  torch.FloatTensor
test here:  torch.FloatTensor
830
test here:  torch.FloatTensor
test here:  torch.FloatTensor
test here:  torch.FloatTensor
test here:  torch.FloatTensor
test here:  torch.FloatTensor
test here:  torch.FloatTensor
test here:  torch.FloatTensor
test here:  torch.FloatTensor
test here:  torch.FloatTensor
test here:  torch.FloatTensor
840
test here:  torch.FloatTensor
test here:  torch.FloatTensor
test here:  torch.FloatTensor
test here:  torch.FloatTensor
test here:  torch.FloatTensor
test here:  torch.FloatTensor
test here:  torch.FloatTensor
test here:  torch.FloatTensor
test here:  torch.FloatTensor
test here:  torch.FloatTensor
850
test here:  torch.FloatTensor
test here:  torch.FloatTensor
test here:  torch.FloatTensor
test here:  torch.FloatTensor
test here:  torch.FloatTensor
test here:  torch.FloatTensor
test here:  torch.FloatTensor
test here:  torch.FloatTensor
test here:  torch.FloatTensor
test here:  torch.FloatTensor
860
test here:  torch.FloatTensor
test here:  torch.FloatTensor
test here:  torch.FloatTensor
test here:  torch.FloatTensor
test here:  torch.FloatTensor
test here:  torch.FloatTensor
test here:  torch.FloatTensor
test here:  torch.FloatTensor
test here:  torch.FloatTensor
test here:  torch.FloatTensor
870
test here:  torch.FloatTensor
test here:  torch.FloatTensor
test here:  torch.FloatTensor
test here:  torch.FloatTensor
test here:  torch.FloatTensor
test here:  torch.FloatTensor
test here:  torch.FloatTensor
test here:  torch.FloatTensor
test here:  torch.FloatTensor
test here:  torch.FloatTensor
880
test here:  torch.FloatTensor
test here:  torch.FloatTensor
test here:  torch.FloatTensor
test here:  torch.FloatTensor
test here:  torch.FloatTensor
test here:  torch.FloatTensor
test here:  torch.FloatTensor
test here:  torch.FloatTensor
test here:  torch.FloatTensor
test here:  torch.FloatTensor
890
test here:  torch.FloatTensor
test here:  torch.FloatTensor
test here:  torch.FloatTensor
test here:  torch.FloatTensor
test here:  torch.FloatTensor
test here:  torch.FloatTensor
test here:  torch.FloatTensor
test here:  torch.FloatTensor
test here:  torch.FloatTensor
test here:  torch.FloatTensor
900
test here:  torch.FloatTensor
test here:  torch.FloatTensor
test here:  torch.FloatTensor
test here:  torch.FloatTensor
test here:  torch.FloatTensor
test here:  torch.FloatTensor
test here:  torch.FloatTensor
test here:  torch.FloatTensor
test here:  torch.FloatTensor
test here:  torch.FloatTensor
910
test here:  torch.FloatTensor
test here:  torch.FloatTensor
test here:  torch.FloatTensor
test here:  torch.FloatTensor
test here:  torch.FloatTensor
test here:  torch.FloatTensor
test here:  torch.FloatTensor
test here:  torch.FloatTensor
test here:  torch.FloatTensor
test here:  torch.FloatTensor
920
test here:  torch.FloatTensor
test here:  torch.FloatTensor
test here:  torch.FloatTensor
test here:  torch.FloatTensor
test here:  torch.FloatTensor
test here:  torch.FloatTensor
test here:  torch.FloatTensor
test here:  torch.FloatTensor
test here:  torch.FloatTensor
test here:  torch.FloatTensor
930
test here:  torch.FloatTensor
test here:  torch.FloatTensor
test here:  torch.FloatTensor
test here:  torch.FloatTensor
test here:  torch.FloatTensor
test here:  torch.FloatTensor
test here:  torch.FloatTensor
test here:  torch.FloatTensor
test here:  torch.FloatTensor
test here:  torch.FloatTensor
940
test here:  torch.FloatTensor
test here:  torch.FloatTensor
test here:  torch.FloatTensor
test here:  torch.FloatTensor
test here:  torch.FloatTensor
test here:  torch.FloatTensor
test here:  torch.FloatTensor
test here:  torch.FloatTensor
test here:  torch.FloatTensor
test here:  torch.FloatTensor
950
test here:  torch.FloatTensor
test here:  torch.FloatTensor
test here:  torch.FloatTensor
test here:  torch.FloatTensor
test here:  torch.FloatTensor
test here:  torch.FloatTensor
test here:  torch.FloatTensor
test here:  torch.FloatTensor
test here:  torch.FloatTensor
test here:  torch.FloatTensor
960
test here:  torch.FloatTensor
test here:  torch.FloatTensor
test here:  torch.FloatTensor
test here:  torch.FloatTensor
test here:  torch.FloatTensor
test here:  torch.FloatTensor
test here:  torch.FloatTensor
test here:  torch.FloatTensor
test here:  torch.FloatTensor
test here:  torch.FloatTensor
970
test here:  torch.FloatTensor
test here:  torch.FloatTensor
test here:  torch.FloatTensor
test here:  torch.FloatTensor
test here:  torch.FloatTensor
test here:  torch.FloatTensor
test here:  torch.FloatTensor
test here:  torch.FloatTensor
test here:  torch.FloatTensor
test here:  torch.FloatTensor
980
test here:  torch.FloatTensor
test here:  torch.FloatTensor
test here:  torch.FloatTensor
test here:  torch.FloatTensor
test here:  torch.FloatTensor
test here:  torch.FloatTensor
test here:  torch.FloatTensor
test here:  torch.FloatTensor
test here:  torch.FloatTensor
test here:  torch.FloatTensor
990
test here:  torch.FloatTensor
test here:  torch.FloatTensor
test here:  torch.FloatTensor
test here:  torch.FloatTensor
test here:  torch.FloatTensor
test here:  torch.FloatTensor
test here:  torch.FloatTensor
test here:  torch.FloatTensor
test here:  torch.FloatTensor
test here:  torch.FloatTensor
1000
test here:  torch.FloatTensor
test here:  torch.FloatTensor
test here:  torch.FloatTensor
test here:  torch.FloatTensor
test here:  torch.FloatTensor
test here:  torch.FloatTensor
test here:  torch.FloatTensor
test here:  torch.FloatTensor
test here:  torch.FloatTensor
test here:  torch.FloatTensor
1010
test here:  torch.FloatTensor
test here:  torch.FloatTensor
test here:  torch.FloatTensor
test here:  torch.FloatTensor
test here:  torch.FloatTensor
test here:  torch.FloatTensor
test here:  torch.FloatTensor
test here:  torch.FloatTensor
test here:  torch.FloatTensor
test here:  torch.FloatTensor
1020
test here:  torch.FloatTensor
test here:  torch.FloatTensor
test here:  torch.FloatTensor
test here:  torch.FloatTensor
test here:  torch.FloatTensor
test here:  torch.FloatTensor
test here:  torch.FloatTensor
test here:  torch.FloatTensor
test here:  torch.FloatTensor
test here:  torch.FloatTensor
1030
test here:  torch.FloatTensor
test here:  torch.FloatTensor
test here:  torch.FloatTensor
test here:  torch.FloatTensor
test here:  torch.FloatTensor
test here:  torch.FloatTensor
test here:  torch.FloatTensor
test here:  torch.FloatTensor
test here:  torch.FloatTensor
test here:  torch.FloatTensor
1040
test here:  torch.FloatTensor
test here:  torch.FloatTensor
test here:  torch.FloatTensor
test here:  torch.FloatTensor
test here:  torch.FloatTensor
test here:  torch.FloatTensor
test here:  torch.FloatTensor
test here:  torch.FloatTensor
test here:  torch.FloatTensor
test here:  torch.FloatTensor
1050
test here:  torch.FloatTensor
test here:  torch.FloatTensor
test here:  torch.FloatTensor
test here:  torch.FloatTensor
test here:  torch.FloatTensor
test here:  torch.FloatTensor
test here:  torch.FloatTensor
test here:  torch.FloatTensor
test here:  torch.FloatTensor
test here:  torch.FloatTensor
1060
test here:  torch.FloatTensor
test here:  torch.FloatTensor
test here:  torch.FloatTensor
test here:  torch.FloatTensor
test here:  torch.FloatTensor
test here:  torch.FloatTensor
test here:  torch.FloatTensor
test here:  torch.FloatTensor
test here:  torch.FloatTensor
test here:  torch.FloatTensor
1070
test here:  torch.FloatTensor
test here:  torch.FloatTensor
test here:  torch.FloatTensor
test here:  torch.FloatTensor
test here:  torch.FloatTensor
test here:  torch.FloatTensor
test here:  torch.FloatTensor
test here:  torch.FloatTensor
test here:  torch.FloatTensor
test here:  torch.FloatTensor
1080
test here:  torch.FloatTensor
test here:  torch.FloatTensor
test here:  torch.FloatTensor
test here:  torch.FloatTensor
test here:  torch.FloatTensor
test here:  torch.FloatTensor
test here:  torch.FloatTensor
test here:  torch.FloatTensor
test here:  torch.FloatTensor
test here:  torch.FloatTensor
1090
test here:  torch.FloatTensor
test here:  torch.FloatTensor
test here:  torch.FloatTensor
test here:  torch.FloatTensor
test here:  torch.FloatTensor
test here:  torch.FloatTensor
test here:  torch.FloatTensor
test here:  torch.FloatTensor
test here:  torch.FloatTensor
test here:  torch.FloatTensor
1100
test here:  torch.FloatTensor
test here:  torch.FloatTensor
test here:  torch.FloatTensor
test here:  torch.FloatTensor
test here:  torch.FloatTensor
test here:  torch.FloatTensor
test here:  torch.FloatTensor
test here:  torch.FloatTensor
test here:  torch.FloatTensor
test here:  torch.FloatTensor
1110
test here:  torch.FloatTensor
test here:  torch.FloatTensor
test here:  torch.FloatTensor
test here:  torch.FloatTensor
test here:  torch.FloatTensor
test here:  torch.FloatTensor
test here:  torch.FloatTensor
test here:  torch.FloatTensor
test here:  torch.FloatTensor
test here:  torch.FloatTensor
1120
test here:  torch.FloatTensor
test here:  torch.FloatTensor
test here:  torch.FloatTensor
test here:  torch.FloatTensor
test here:  torch.FloatTensor
test here:  torch.FloatTensor
test here:  torch.FloatTensor
test here:  torch.FloatTensor
test here:  torch.FloatTensor
test here:  torch.FloatTensor
1130
test here:  torch.FloatTensor
test here:  torch.FloatTensor
test here:  torch.FloatTensor
test here:  torch.FloatTensor
test here:  torch.FloatTensor
test here:  torch.FloatTensor
test here:  torch.FloatTensor
test here:  torch.FloatTensor
test here:  torch.FloatTensor
test here:  torch.FloatTensor
1140
test here:  torch.FloatTensor
test here:  torch.FloatTensor
test here:  torch.FloatTensor
test here:  torch.FloatTensor
test here:  torch.FloatTensor
test here:  torch.FloatTensor
test here:  torch.FloatTensor
test here:  torch.FloatTensor
test here:  torch.FloatTensor
test here:  torch.FloatTensor
1150
test here:  torch.FloatTensor
test here:  torch.FloatTensor
test here:  torch.FloatTensor
test here:  torch.FloatTensor
test here:  torch.FloatTensor
test here:  torch.FloatTensor
test here:  torch.FloatTensor
test here:  torch.FloatTensor
test here:  torch.FloatTensor
test here:  torch.FloatTensor
1160
test here:  torch.FloatTensor
test here:  torch.FloatTensor
test here:  torch.FloatTensor
test here:  torch.FloatTensor
test here:  torch.FloatTensor
test here:  torch.FloatTensor
test here:  torch.FloatTensor
test here:  torch.FloatTensor
test here:  torch.FloatTensor
test here:  torch.FloatTensor
1170
test here:  torch.FloatTensor
test here:  torch.FloatTensor
test here:  torch.FloatTensor
test here:  torch.FloatTensor
test here:  torch.FloatTensor
test here:  torch.FloatTensor
test here:  torch.FloatTensor
test here:  torch.FloatTensor
test here:  torch.FloatTensor
test here:  torch.FloatTensor
1180
test here:  torch.FloatTensor
test here:  torch.FloatTensor
test here:  torch.FloatTensor
test here:  torch.FloatTensor
test here:  torch.FloatTensor
test here:  torch.FloatTensor
test here:  torch.FloatTensor
test here:  torch.FloatTensor
test here:  torch.FloatTensor
test here:  torch.FloatTensor
1190
test here:  torch.FloatTensor
test here:  torch.FloatTensor
test here:  torch.FloatTensor
test here:  torch.FloatTensor
test here:  torch.FloatTensor
test here:  torch.FloatTensor
test here:  torch.FloatTensor
test here:  torch.FloatTensor
test here:  torch.FloatTensor
test here:  torch.FloatTensor
1200
test here:  torch.FloatTensor
test here:  torch.FloatTensor
test here:  torch.FloatTensor
test here:  torch.FloatTensor
test here:  torch.FloatTensor
test here:  torch.FloatTensor
test here:  torch.FloatTensor
test here:  torch.FloatTensor
test here:  torch.FloatTensor
test here:  torch.FloatTensor
1210
test here:  torch.FloatTensor
test here:  torch.FloatTensor
test here:  torch.FloatTensor
test here:  torch.FloatTensor
test here:  torch.FloatTensor
test here:  torch.FloatTensor
test here:  torch.FloatTensor
test here:  torch.FloatTensor
test here:  torch.FloatTensor
test here:  torch.FloatTensor
1220
test here:  torch.FloatTensor
test here:  torch.FloatTensor
test here:  torch.FloatTensor
test here:  torch.FloatTensor
test here:  torch.FloatTensor
test here:  torch.FloatTensor
test here:  torch.FloatTensor
test here:  torch.FloatTensor
test here:  torch.FloatTensor
test here:  torch.FloatTensor
1230
test here:  torch.FloatTensor
test here:  torch.FloatTensor
test here:  torch.FloatTensor
test here:  torch.FloatTensor
test here:  torch.FloatTensor
test here:  torch.FloatTensor
test here:  torch.FloatTensor
test here:  torch.FloatTensor
test here:  torch.FloatTensor
test here:  torch.FloatTensor
1240
test here:  torch.FloatTensor
test here:  torch.FloatTensor
test here:  torch.FloatTensor
test here:  torch.FloatTensor
test here:  torch.FloatTensor
test here:  torch.FloatTensor
test here:  torch.FloatTensor
test here:  torch.FloatTensor
test here:  torch.FloatTensor
test here:  torch.FloatTensor
1250
test here:  torch.FloatTensor
test here:  torch.FloatTensor
test here:  torch.FloatTensor
test here:  torch.FloatTensor
test here:  torch.FloatTensor
test here:  torch.FloatTensor
test here:  torch.FloatTensor
test here:  torch.FloatTensor
test here:  torch.FloatTensor
test here:  torch.FloatTensor
1260
test here:  torch.FloatTensor
test here:  torch.FloatTensor
test here:  torch.FloatTensor
test here:  torch.FloatTensor
test here:  torch.FloatTensor
test here:  torch.FloatTensor
test here:  torch.FloatTensor
test here:  torch.FloatTensor
test here:  torch.FloatTensor
test here:  torch.FloatTensor
1270
test here:  torch.FloatTensor
test here:  torch.FloatTensor
test here:  torch.FloatTensor
test here:  torch.FloatTensor
test here:  torch.FloatTensor
test here:  torch.FloatTensor
test here:  torch.FloatTensor
test here:  torch.FloatTensor
test here:  torch.FloatTensor
test here:  torch.FloatTensor
1280
test here:  torch.FloatTensor
test here:  torch.FloatTensor
test here:  torch.FloatTensor
test here:  torch.FloatTensor
test here:  torch.FloatTensor
test here:  torch.FloatTensor
test here:  torch.FloatTensor
test here:  torch.FloatTensor
test here:  torch.FloatTensor
test here:  torch.FloatTensor
1290
test here:  torch.FloatTensor
test here:  torch.FloatTensor
test here:  torch.FloatTensor
test here:  torch.FloatTensor
test here:  torch.FloatTensor
test here:  torch.FloatTensor
test here:  torch.FloatTensor
test here:  torch.FloatTensor
test here:  torch.FloatTensor
test here:  torch.FloatTensor
1300
test here:  torch.FloatTensor
test here:  torch.FloatTensor
test here:  torch.FloatTensor
test here:  torch.FloatTensor
test here:  torch.FloatTensor
test here:  torch.FloatTensor
test here:  torch.FloatTensor
test here:  torch.FloatTensor
test here:  torch.FloatTensor
test here:  torch.FloatTensor
1310
test here:  torch.FloatTensor
test here:  torch.FloatTensor
test here:  torch.FloatTensor
test here:  torch.FloatTensor
test here:  torch.FloatTensor
test here:  torch.FloatTensor
test here:  torch.FloatTensor
test here:  torch.FloatTensor
test here:  torch.FloatTensor
test here:  torch.FloatTensor
1320
test here:  torch.FloatTensor
test here:  torch.FloatTensor
test here:  torch.FloatTensor
test here:  torch.FloatTensor
test here:  torch.FloatTensor
test here:  torch.FloatTensor
test here:  torch.FloatTensor
test here:  torch.FloatTensor
test here:  torch.FloatTensor
test here:  torch.FloatTensor
1330
test here:  torch.FloatTensor
test here:  torch.FloatTensor
test here:  torch.FloatTensor
test here:  torch.FloatTensor
test here:  torch.FloatTensor
test here:  torch.FloatTensor
test here:  torch.FloatTensor
test here:  torch.FloatTensor
test here:  torch.FloatTensor
test here:  torch.FloatTensor
1340
test here:  torch.FloatTensor
test here:  torch.FloatTensor
test here:  torch.FloatTensor
test here:  torch.FloatTensor
test here:  torch.FloatTensor
test here:  torch.FloatTensor
test here:  torch.FloatTensor
test here:  torch.FloatTensor
test here:  torch.FloatTensor
test here:  torch.FloatTensor
1350
test here:  torch.FloatTensor
test here:  torch.FloatTensor
test here:  torch.FloatTensor
test here:  torch.FloatTensor
test here:  torch.FloatTensor
test here:  torch.FloatTensor
test here:  torch.FloatTensor
test here:  torch.FloatTensor
test here:  torch.FloatTensor
test here:  torch.FloatTensor
1360
test here:  torch.FloatTensor
test here:  torch.FloatTensor
test here:  torch.FloatTensor
test here:  torch.FloatTensor
test here:  torch.FloatTensor
test here:  torch.FloatTensor
test here:  torch.FloatTensor
test here:  torch.FloatTensor
test here:  torch.FloatTensor
test here:  torch.FloatTensor
1370
test here:  torch.FloatTensor
test here:  torch.FloatTensor
test here:  torch.FloatTensor
test here:  torch.FloatTensor
test here:  torch.FloatTensor
test here:  torch.FloatTensor
test here:  torch.FloatTensor
test here:  torch.FloatTensor
test here:  torch.FloatTensor
test here:  torch.FloatTensor
1380
test here:  torch.FloatTensor
test here:  torch.FloatTensor
test here:  torch.FloatTensor
test here:  torch.FloatTensor
test here:  torch.FloatTensor
test here:  torch.FloatTensor
test here:  torch.FloatTensor
test here:  torch.FloatTensor
test here:  torch.FloatTensor
test here:  torch.FloatTensor
1390
test here:  torch.FloatTensor
test here:  torch.FloatTensor
test here:  torch.FloatTensor
test here:  torch.FloatTensor
test here:  torch.FloatTensor
test here:  torch.FloatTensor
test here:  torch.FloatTensor
test here:  torch.FloatTensor
test here:  torch.FloatTensor
test here:  torch.FloatTensor
1400
test here:  torch.FloatTensor
test here:  torch.FloatTensor
test here:  torch.FloatTensor
test here:  torch.FloatTensor
test here:  torch.FloatTensor
test here:  torch.FloatTensor
test here:  torch.FloatTensor
test here:  torch.FloatTensor
test here:  torch.FloatTensor
test here:  torch.FloatTensor
1410
test here:  torch.FloatTensor
test here:  torch.FloatTensor
test here:  torch.FloatTensor
test here:  torch.FloatTensor
test here:  torch.FloatTensor
test here:  torch.FloatTensor
test here:  torch.FloatTensor
test here:  torch.FloatTensor
test here:  torch.FloatTensor
test here:  torch.FloatTensor
1420
test here:  torch.FloatTensor
test here:  torch.FloatTensor
test here:  torch.FloatTensor
test here:  torch.FloatTensor
test here:  torch.FloatTensor
test here:  torch.FloatTensor
test here:  torch.FloatTensor
test here:  torch.FloatTensor
test here:  torch.FloatTensor
test here:  torch.FloatTensor
1430
test here:  torch.FloatTensor
test here:  torch.FloatTensor
test here:  torch.FloatTensor
test here:  torch.FloatTensor
test here:  torch.FloatTensor
test here:  torch.FloatTensor
test here:  torch.FloatTensor
test here:  torch.FloatTensor
test here:  torch.FloatTensor
test here:  torch.FloatTensor
1440
test here:  torch.FloatTensor
test here:  torch.FloatTensor
test here:  torch.FloatTensor
test here:  torch.FloatTensor
test here:  torch.FloatTensor
test here:  torch.FloatTensor
test here:  torch.FloatTensor
test here:  torch.FloatTensor
test here:  torch.FloatTensor
test here:  torch.FloatTensor
1450
test here:  torch.FloatTensor
test here:  torch.FloatTensor
test here:  torch.FloatTensor
test here:  torch.FloatTensor
test here:  torch.FloatTensor
test here:  torch.FloatTensor
test here:  torch.FloatTensor
test here:  torch.FloatTensor
test here:  torch.FloatTensor
test here:  torch.FloatTensor
1460
test here:  torch.FloatTensor
test here:  torch.FloatTensor
test here:  torch.FloatTensor
test here:  torch.FloatTensor
test here:  torch.FloatTensor
test here:  torch.FloatTensor
test here:  torch.FloatTensor
test here:  torch.FloatTensor
test here:  torch.FloatTensor
test here:  torch.FloatTensor
1470
test here:  torch.FloatTensor
test here:  torch.FloatTensor
test here:  torch.FloatTensor
test here:  torch.FloatTensor
test here:  torch.FloatTensor
test here:  torch.FloatTensor
test here:  torch.FloatTensor
test here:  torch.FloatTensor
test here:  torch.FloatTensor
test here:  torch.FloatTensor
1480
test here:  torch.FloatTensor
test here:  torch.FloatTensor
test here:  torch.FloatTensor
test here:  torch.FloatTensor
test here:  torch.FloatTensor
test here:  torch.FloatTensor
test here:  torch.FloatTensor
test here:  torch.FloatTensor
test here:  torch.FloatTensor
test here:  torch.FloatTensor
1490
test here:  torch.FloatTensor
test here:  torch.FloatTensor
test here:  torch.FloatTensor
test here:  torch.FloatTensor
test here:  torch.FloatTensor
test here:  torch.FloatTensor
test here:  torch.FloatTensor
test here:  torch.FloatTensor
test here:  torch.FloatTensor
test here:  torch.FloatTensor
1500
test here:  torch.FloatTensor
test here:  torch.FloatTensor
test here:  torch.FloatTensor
test here:  torch.FloatTensor
test here:  torch.FloatTensor
test here:  torch.FloatTensor
test here:  torch.FloatTensor
test here:  torch.FloatTensor
test here:  torch.FloatTensor
test here:  torch.FloatTensor
1510
test here:  torch.FloatTensor
test here:  torch.FloatTensor
test here:  torch.FloatTensor
test here:  torch.FloatTensor
test here:  torch.FloatTensor
test here:  torch.FloatTensor
test here:  torch.FloatTensor
test here:  torch.FloatTensor
test here:  torch.FloatTensor
test here:  torch.FloatTensor
1520
test here:  torch.FloatTensor
test here:  torch.FloatTensor
test here:  torch.FloatTensor
test here:  torch.FloatTensor
test here:  torch.FloatTensor
test here:  torch.FloatTensor
test here:  torch.FloatTensor
test here:  torch.FloatTensor
test here:  torch.FloatTensor
test here:  torch.FloatTensor
1530
test here:  torch.FloatTensor
test here:  torch.FloatTensor
test here:  torch.FloatTensor
test here:  torch.FloatTensor
test here:  torch.FloatTensor
test here:  torch.FloatTensor
test here:  torch.FloatTensor
test here:  torch.FloatTensor
test here:  torch.FloatTensor
test here:  torch.FloatTensor
1540
test here:  torch.FloatTensor
test here:  torch.FloatTensor
test here:  torch.FloatTensor
test here:  torch.FloatTensor
test here:  torch.FloatTensor
test here:  torch.FloatTensor
test here:  torch.FloatTensor
test here:  torch.FloatTensor
test here:  torch.FloatTensor
test here:  torch.FloatTensor
1550
test here:  torch.FloatTensor
test here:  torch.FloatTensor
test here:  torch.FloatTensor
test here:  torch.FloatTensor
test here:  torch.FloatTensor
test here:  torch.FloatTensor
test here:  torch.FloatTensor
test here:  torch.FloatTensor
test here:  torch.FloatTensor
test here:  torch.FloatTensor
1560
test here:  torch.FloatTensor
test here:  torch.FloatTensor
test here:  torch.FloatTensor
test here:  torch.FloatTensor
test here:  torch.FloatTensor
test here:  torch.FloatTensor
test here:  torch.FloatTensor
test here:  torch.FloatTensor
test here:  torch.FloatTensor
test here:  torch.FloatTensor
1570
test here:  torch.FloatTensor
test here:  torch.FloatTensor
test here:  torch.FloatTensor
test here:  torch.FloatTensor
test here:  torch.FloatTensor
test here:  torch.FloatTensor
test here:  torch.FloatTensor
test here:  torch.FloatTensor
test here:  torch.FloatTensor
test here:  torch.FloatTensor
1580
test here:  torch.FloatTensor
test here:  torch.FloatTensor
test here:  torch.FloatTensor
test here:  torch.FloatTensor
test here:  torch.FloatTensor
test here:  torch.FloatTensor
test here:  torch.FloatTensor
test here:  torch.FloatTensor
test here:  torch.FloatTensor
test here:  torch.FloatTensor
1590
test here:  torch.FloatTensor
test here:  torch.FloatTensor
test here:  torch.FloatTensor
test here:  torch.FloatTensor
test here:  torch.FloatTensor
test here:  torch.FloatTensor
test here:  torch.FloatTensor
test here:  torch.FloatTensor
test here:  torch.FloatTensor
test here:  torch.FloatTensor
1600
test here:  torch.FloatTensor
test here:  torch.FloatTensor
test here:  torch.FloatTensor
test here:  torch.FloatTensor
test here:  torch.FloatTensor
test here:  torch.FloatTensor
test here:  torch.FloatTensor
test here:  torch.FloatTensor
test here:  torch.FloatTensor
test here:  torch.FloatTensor
1610
test here:  torch.FloatTensor
test here:  torch.FloatTensor
test here:  torch.FloatTensor
test here:  torch.FloatTensor
test here:  torch.FloatTensor
test here:  torch.FloatTensor
test here:  torch.FloatTensor
test here:  torch.FloatTensor
test here:  torch.FloatTensor
test here:  torch.FloatTensor
1620
test here:  torch.FloatTensor
test here:  torch.FloatTensor
test here:  torch.FloatTensor
test here:  torch.FloatTensor
test here:  torch.FloatTensor
test here:  torch.FloatTensor
test here:  torch.FloatTensor
test here:  torch.FloatTensor
test here:  torch.FloatTensor
test here:  torch.FloatTensor
1630
test here:  torch.FloatTensor
test here:  torch.FloatTensor
test here:  torch.FloatTensor
test here:  torch.FloatTensor
test here:  torch.FloatTensor
test here:  torch.FloatTensor
test here:  torch.FloatTensor
test here:  torch.FloatTensor
test here:  torch.FloatTensor
test here:  torch.FloatTensor
1640
test here:  torch.FloatTensor
test here:  torch.FloatTensor
test here:  torch.FloatTensor
test here:  torch.FloatTensor
test here:  torch.FloatTensor
test here:  torch.FloatTensor
test here:  torch.FloatTensor
test here:  torch.FloatTensor
test here:  torch.FloatTensor
test here:  torch.FloatTensor
1650
test here:  torch.FloatTensor
test here:  torch.FloatTensor
test here:  torch.FloatTensor
test here:  torch.FloatTensor
test here:  torch.FloatTensor
test here:  torch.FloatTensor
test here:  torch.FloatTensor
test here:  torch.FloatTensor
test here:  torch.FloatTensor
test here:  torch.FloatTensor
1660
test here:  torch.FloatTensor
test here:  torch.FloatTensor
test here:  torch.FloatTensor
test here:  torch.FloatTensor
test here:  torch.FloatTensor
test here:  torch.FloatTensor
test here:  torch.FloatTensor
test here:  torch.FloatTensor
test here:  torch.FloatTensor
test here:  torch.FloatTensor
1670
test here:  torch.FloatTensor
test here:  torch.FloatTensor
test here:  torch.FloatTensor
test here:  torch.FloatTensor
test here:  torch.FloatTensor
test here:  torch.FloatTensor
test here:  torch.FloatTensor
test here:  torch.FloatTensor
test here:  torch.FloatTensor
test here:  torch.FloatTensor
1680
test here:  torch.FloatTensor
test here:  torch.FloatTensor
test here:  torch.FloatTensor
test here:  torch.FloatTensor
test here:  torch.FloatTensor
test here:  torch.FloatTensor
test here:  torch.FloatTensor
test here:  torch.FloatTensor
test here:  torch.FloatTensor
test here:  torch.FloatTensor
1690
test here:  torch.FloatTensor
test here:  torch.FloatTensor
test here:  torch.FloatTensor
test here:  torch.FloatTensor
test here:  torch.FloatTensor
test here:  torch.FloatTensor
test here:  torch.FloatTensor
test here:  torch.FloatTensor
test here:  torch.FloatTensor
test here:  torch.FloatTensor
1700
test here:  torch.FloatTensor
test here:  torch.FloatTensor
test here:  torch.FloatTensor
test here:  torch.FloatTensor
test here:  torch.FloatTensor
test here:  torch.FloatTensor
test here:  torch.FloatTensor
test here:  torch.FloatTensor
test here:  torch.FloatTensor
test here:  torch.FloatTensor
1710
test here:  torch.FloatTensor
test here:  torch.FloatTensor
test here:  torch.FloatTensor
test here:  torch.FloatTensor
test here:  torch.FloatTensor
test here:  torch.FloatTensor
test here:  torch.FloatTensor
test here:  torch.FloatTensor
test here:  torch.FloatTensor
test here:  torch.FloatTensor
1720
test here:  torch.FloatTensor
test here:  torch.FloatTensor
test here:  torch.FloatTensor
test here:  torch.FloatTensor
test here:  torch.FloatTensor
test here:  torch.FloatTensor
test here:  torch.FloatTensor
test here:  torch.FloatTensor
test here:  torch.FloatTensor
test here:  torch.FloatTensor
1730
test here:  torch.FloatTensor
test here:  torch.FloatTensor
test here:  torch.FloatTensor
test here:  torch.FloatTensor
test here:  torch.FloatTensor
test here:  torch.FloatTensor
test here:  torch.FloatTensor
test here:  torch.FloatTensor
test here:  torch.FloatTensor
test here:  torch.FloatTensor
1740
test here:  torch.FloatTensor
test here:  torch.FloatTensor
test here:  torch.FloatTensor
test here:  torch.FloatTensor
test here:  torch.FloatTensor
test here:  torch.FloatTensor
test here:  torch.FloatTensor
test here:  torch.FloatTensor
test here:  torch.FloatTensor
test here:  torch.FloatTensor
1750
test here:  torch.FloatTensor
test here:  torch.FloatTensor
test here:  torch.FloatTensor
test here:  torch.FloatTensor
test here:  torch.FloatTensor
test here:  torch.FloatTensor
test here:  torch.FloatTensor
test here:  torch.FloatTensor
test here:  torch.FloatTensor
test here:  torch.FloatTensor
1760
test here:  torch.FloatTensor
test here:  torch.FloatTensor
test here:  torch.FloatTensor
test here:  torch.FloatTensor
test here:  torch.FloatTensor
test here:  torch.FloatTensor
test here:  torch.FloatTensor
test here:  torch.FloatTensor
test here:  torch.FloatTensor
test here:  torch.FloatTensor
1770
test here:  torch.FloatTensor
test here:  torch.FloatTensor
test here:  torch.FloatTensor
test here:  torch.FloatTensor
test here:  torch.FloatTensor
test here:  torch.FloatTensor
test here:  torch.FloatTensor
test here:  torch.FloatTensor
test here:  torch.FloatTensor
test here:  torch.FloatTensor
1780
test here:  torch.FloatTensor
test here:  torch.FloatTensor
test here:  torch.FloatTensor
test here:  torch.FloatTensor
test here:  torch.FloatTensor
test here:  torch.FloatTensor
test here:  torch.FloatTensor
test here:  torch.FloatTensor
test here:  torch.FloatTensor
test here:  torch.FloatTensor
1790
test here:  torch.FloatTensor
test here:  torch.FloatTensor
test here:  torch.FloatTensor
test here:  torch.FloatTensor
test here:  torch.FloatTensor
test here:  torch.FloatTensor
test here:  torch.FloatTensor
test here:  torch.FloatTensor
test here:  torch.FloatTensor
test here:  torch.FloatTensor
1800
test here:  torch.FloatTensor
test here:  torch.FloatTensor
test here:  torch.FloatTensor
test here:  torch.FloatTensor
test here:  torch.FloatTensor
test here:  torch.FloatTensor
test here:  torch.FloatTensor
test here:  torch.FloatTensor
test here:  torch.FloatTensor
test here:  torch.FloatTensor
1810
test here:  torch.FloatTensor
test here:  torch.FloatTensor
test here:  torch.FloatTensor
test here:  torch.FloatTensor
test here:  torch.FloatTensor
test here:  torch.FloatTensor
test here:  torch.FloatTensor
test here:  torch.FloatTensor
test here:  torch.FloatTensor
test here:  torch.FloatTensor
1820
test here:  torch.FloatTensor
test here:  torch.FloatTensor
test here:  torch.FloatTensor
test here:  torch.FloatTensor
test here:  torch.FloatTensor
test here:  torch.FloatTensor
test here:  torch.FloatTensor
test here:  torch.FloatTensor
test here:  torch.FloatTensor
test here:  torch.FloatTensor
1830
test here:  torch.FloatTensor
test here:  torch.FloatTensor
test here:  torch.FloatTensor
test here:  torch.FloatTensor
test here:  torch.FloatTensor
test here:  torch.FloatTensor
test here:  torch.FloatTensor
test here:  torch.FloatTensor
test here:  torch.FloatTensor
test here:  torch.FloatTensor
1840
test here:  torch.FloatTensor
test here:  torch.FloatTensor
test here:  torch.FloatTensor
test here:  torch.FloatTensor
test here:  torch.FloatTensor
test here:  torch.FloatTensor
test here:  torch.FloatTensor
test here:  torch.FloatTensor
test here:  torch.FloatTensor
test here:  torch.FloatTensor
1850
test here:  torch.FloatTensor
test here:  torch.FloatTensor
test here:  torch.FloatTensor
test here:  torch.FloatTensor
test here:  torch.FloatTensor
test here:  torch.FloatTensor
test here:  torch.FloatTensor
test here:  torch.FloatTensor
test here:  torch.FloatTensor
test here:  torch.FloatTensor
1860
test here:  torch.FloatTensor
test here:  torch.FloatTensor
test here:  torch.FloatTensor
test here:  torch.FloatTensor
test here:  torch.FloatTensor
test here:  torch.FloatTensor
test here:  torch.FloatTensor
test here:  torch.FloatTensor
test here:  torch.FloatTensor
test here:  torch.FloatTensor
1870
test here:  torch.FloatTensor
test here:  torch.FloatTensor
test here:  torch.FloatTensor
test here:  torch.FloatTensor
test here:  torch.FloatTensor
test here:  torch.FloatTensor
test here:  torch.FloatTensor
test here:  torch.FloatTensor
test here:  torch.FloatTensor
test here:  torch.FloatTensor
1880
test here:  torch.FloatTensor
test here:  torch.FloatTensor
test here:  torch.FloatTensor
test here:  torch.FloatTensor
test here:  torch.FloatTensor
test here:  torch.FloatTensor
test here:  torch.FloatTensor
test here:  torch.FloatTensor
test here:  torch.FloatTensor
test here:  torch.FloatTensor
1890
test here:  torch.FloatTensor
test here:  torch.FloatTensor
test here:  torch.FloatTensor
test here:  torch.FloatTensor
test here:  torch.FloatTensor
test here:  torch.FloatTensor
test here:  torch.FloatTensor
test here:  torch.FloatTensor
test here:  torch.FloatTensor
test here:  torch.FloatTensor
1900
test here:  torch.FloatTensor
test here:  torch.FloatTensor
test here:  torch.FloatTensor
test here:  torch.FloatTensor
test here:  torch.FloatTensor
test here:  torch.FloatTensor
test here:  torch.FloatTensor
test here:  torch.FloatTensor
test here:  torch.FloatTensor
test here:  torch.FloatTensor
1910
test here:  torch.FloatTensor
test here:  torch.FloatTensor
test here:  torch.FloatTensor
test here:  torch.FloatTensor
test here:  torch.FloatTensor
test here:  torch.FloatTensor
test here:  torch.FloatTensor
test here:  torch.FloatTensor
test here:  torch.FloatTensor
test here:  torch.FloatTensor
1920
test here:  torch.FloatTensor
test here:  torch.FloatTensor
test here:  torch.FloatTensor
test here:  torch.FloatTensor
test here:  torch.FloatTensor
test here:  torch.FloatTensor
test here:  torch.FloatTensor
test here:  torch.FloatTensor
test here:  torch.FloatTensor
test here:  torch.FloatTensor
1930
test here:  torch.FloatTensor
test here:  torch.FloatTensor
test here:  torch.FloatTensor
test here:  torch.FloatTensor
test here:  torch.FloatTensor
test here:  torch.FloatTensor
test here:  torch.FloatTensor
test here:  torch.FloatTensor
test here:  torch.FloatTensor
test here:  torch.FloatTensor
1940
test here:  torch.FloatTensor
test here:  torch.FloatTensor
test here:  torch.FloatTensor
test here:  torch.FloatTensor
test here:  torch.FloatTensor
test here:  torch.FloatTensor
test here:  torch.FloatTensor
test here:  torch.FloatTensor
test here:  torch.FloatTensor
test here:  torch.FloatTensor
1950
test here:  torch.FloatTensor
test here:  torch.FloatTensor
test here:  torch.FloatTensor
test here:  torch.FloatTensor
test here:  torch.FloatTensor
test here:  torch.FloatTensor
test here:  torch.FloatTensor
test here:  torch.FloatTensor
test here:  torch.FloatTensor
test here:  torch.FloatTensor
1960
test here:  torch.FloatTensor
test here:  torch.FloatTensor
test here:  torch.FloatTensor
test here:  torch.FloatTensor
test here:  torch.FloatTensor
test here:  torch.FloatTensor
test here:  torch.FloatTensor
test here:  torch.FloatTensor
test here:  torch.FloatTensor
test here:  torch.FloatTensor
1970
test here:  torch.FloatTensor
test here:  torch.FloatTensor
test here:  torch.FloatTensor
test here:  torch.FloatTensor
test here:  torch.FloatTensor
test here:  torch.FloatTensor
test here:  torch.FloatTensor
test here:  torch.FloatTensor
test here:  torch.FloatTensor
test here:  torch.FloatTensor
1980
test here:  torch.FloatTensor
test here:  torch.FloatTensor
test here:  torch.FloatTensor
test here:  torch.FloatTensor
test here:  torch.FloatTensor
test here:  torch.FloatTensor
test here:  torch.FloatTensor
test here:  torch.FloatTensor
test here:  torch.FloatTensor
test here:  torch.FloatTensor
1990
test here:  torch.FloatTensor
test here:  torch.FloatTensor
test here:  torch.FloatTensor
test here:  torch.FloatTensor
test here:  torch.FloatTensor
test here:  torch.FloatTensor
test here:  torch.FloatTensor
test here:  torch.FloatTensor
test here:  torch.FloatTensor
test here:  torch.FloatTensor
2000
test here:  torch.FloatTensor
test here:  torch.FloatTensor
test here:  torch.FloatTensor
test here:  torch.FloatTensor
test here:  torch.FloatTensor
test here:  torch.FloatTensor
test here:  torch.FloatTensor
test here:  torch.FloatTensor
test here:  torch.FloatTensor
test here:  torch.FloatTensor
2010
test here:  torch.FloatTensor
test here:  torch.FloatTensor
test here:  torch.FloatTensor
test here:  torch.FloatTensor
test here:  torch.FloatTensor
test here:  torch.FloatTensor
test here:  torch.FloatTensor
test here:  torch.FloatTensor
test here:  torch.FloatTensor
test here:  torch.FloatTensor
2020
test here:  torch.FloatTensor
test here:  torch.FloatTensor
test here:  torch.FloatTensor
test here:  torch.FloatTensor
test here:  torch.FloatTensor
test here:  torch.FloatTensor
test here:  torch.FloatTensor
test here:  torch.FloatTensor
test here:  torch.FloatTensor
test here:  torch.FloatTensor
2030
test here:  torch.FloatTensor
test here:  torch.FloatTensor
test here:  torch.FloatTensor
test here:  torch.FloatTensor
test here:  torch.FloatTensor
test here:  torch.FloatTensor
test here:  torch.FloatTensor
test here:  torch.FloatTensor
test here:  torch.FloatTensor
test here:  torch.FloatTensor
2040
test here:  torch.FloatTensor
test here:  torch.FloatTensor
test here:  torch.FloatTensor
test here:  torch.FloatTensor
test here:  torch.FloatTensor
test here:  torch.FloatTensor
test here:  torch.FloatTensor
test here:  torch.FloatTensor
test here:  torch.FloatTensor
test here:  torch.FloatTensor
2050
test here:  torch.FloatTensor
test here:  torch.FloatTensor
test here:  torch.FloatTensor
test here:  torch.FloatTensor
test here:  torch.FloatTensor
test here:  torch.FloatTensor
test here:  torch.FloatTensor
test here:  torch.FloatTensor
test here:  torch.FloatTensor
test here:  torch.FloatTensor
2060
test here:  torch.FloatTensor
test here:  torch.FloatTensor
test here:  torch.FloatTensor
test here:  torch.FloatTensor
test here:  torch.FloatTensor
test here:  torch.FloatTensor
test here:  torch.FloatTensor
test here:  torch.FloatTensor
test here:  torch.FloatTensor
test here:  torch.FloatTensor
2070
test here:  torch.FloatTensor
test here:  torch.FloatTensor
test here:  torch.FloatTensor
test here:  torch.FloatTensor
test here:  torch.FloatTensor
test here:  torch.FloatTensor
test here:  torch.FloatTensor
test here:  torch.FloatTensor
test here:  torch.FloatTensor
test here:  torch.FloatTensor
2080
test here:  torch.FloatTensor
test here:  torch.FloatTensor
test here:  torch.FloatTensor
test here:  torch.FloatTensor
test here:  torch.FloatTensor
test here:  torch.FloatTensor
test here:  torch.FloatTensor
test here:  torch.FloatTensor
test here:  torch.FloatTensor
test here:  torch.FloatTensor
2090
test here:  torch.FloatTensor
test here:  torch.FloatTensor
test here:  torch.FloatTensor
test here:  torch.FloatTensor
test here:  torch.FloatTensor
test here:  torch.FloatTensor
test here:  torch.FloatTensor
test here:  torch.FloatTensor
test here:  torch.FloatTensor
test here:  torch.FloatTensor
2100
test here:  torch.FloatTensor
test here:  torch.FloatTensor
test here:  torch.FloatTensor
test here:  torch.FloatTensor
test here:  torch.FloatTensor
test here:  torch.FloatTensor
test here:  torch.FloatTensor
test here:  torch.FloatTensor
test here:  torch.FloatTensor
test here:  torch.FloatTensor
2110
test here:  torch.FloatTensor
test here:  torch.FloatTensor
test here:  torch.FloatTensor
test here:  torch.FloatTensor
test here:  torch.FloatTensor
test here:  torch.FloatTensor
test here:  torch.FloatTensor
test here:  torch.FloatTensor
test here:  torch.FloatTensor
test here:  torch.FloatTensor
2120
test here:  torch.FloatTensor
test here:  torch.FloatTensor
test here:  torch.FloatTensor
test here:  torch.FloatTensor
test here:  torch.FloatTensor
test here:  torch.FloatTensor
test here:  torch.FloatTensor
test here:  torch.FloatTensor
test here:  torch.FloatTensor
test here:  torch.FloatTensor
2130
test here:  torch.FloatTensor
test here:  torch.FloatTensor
test here:  torch.FloatTensor
test here:  torch.FloatTensor
test here:  torch.FloatTensor
test here:  torch.FloatTensor
test here:  torch.FloatTensor
test here:  torch.FloatTensor
test here:  torch.FloatTensor
test here:  torch.FloatTensor
2140
test here:  torch.FloatTensor
test here:  torch.FloatTensor
test here:  torch.FloatTensor
test here:  torch.FloatTensor
test here:  torch.FloatTensor
test here:  torch.FloatTensor
test here:  torch.FloatTensor
test here:  torch.FloatTensor
test here:  torch.FloatTensor
test here:  torch.FloatTensor
2150
test here:  torch.FloatTensor
test here:  torch.FloatTensor
test here:  torch.FloatTensor
test here:  torch.FloatTensor
test here:  torch.FloatTensor
test here:  torch.FloatTensor
test here:  torch.FloatTensor
test here:  torch.FloatTensor
test here:  torch.FloatTensor
test here:  torch.FloatTensor
2160
test here:  torch.FloatTensor
test here:  torch.FloatTensor
test here:  torch.FloatTensor
test here:  torch.FloatTensor
test here:  torch.FloatTensor
test here:  torch.FloatTensor
test here:  torch.FloatTensor
test here:  torch.FloatTensor
test here:  torch.FloatTensor
test here:  torch.FloatTensor
2170
test here:  torch.FloatTensor
test here:  torch.FloatTensor
test here:  torch.FloatTensor
test here:  torch.FloatTensor
test here:  torch.FloatTensor
test here:  torch.FloatTensor
test here:  torch.FloatTensor
test here:  torch.FloatTensor
test here:  torch.FloatTensor
test here:  torch.FloatTensor
2180
test here:  torch.FloatTensor
test here:  torch.FloatTensor
test here:  torch.FloatTensor
test here:  torch.FloatTensor
test here:  torch.FloatTensor
test here:  torch.FloatTensor
test here:  torch.FloatTensor
test here:  torch.FloatTensor
test here:  torch.FloatTensor
test here:  torch.FloatTensor
2190
test here:  torch.FloatTensor
test here:  torch.FloatTensor
test here:  torch.FloatTensor
test here:  torch.FloatTensor
test here:  torch.FloatTensor
test here:  torch.FloatTensor
test here:  torch.FloatTensor
test here:  torch.FloatTensor
test here:  torch.FloatTensor
test here:  torch.FloatTensor
2200
test here:  torch.FloatTensor
test here:  torch.FloatTensor
test here:  torch.FloatTensor
test here:  torch.FloatTensor
test here:  torch.FloatTensor
test here:  torch.FloatTensor
test here:  torch.FloatTensor
test here:  torch.FloatTensor
test here:  torch.FloatTensor
test here:  torch.FloatTensor
2210
test here:  torch.FloatTensor
test here:  torch.FloatTensor
test here:  torch.FloatTensor
test here:  torch.FloatTensor
test here:  torch.FloatTensor
test here:  torch.FloatTensor
test here:  torch.FloatTensor
test here:  torch.FloatTensor
test here:  torch.FloatTensor
test here:  torch.FloatTensor
2220
test here:  torch.FloatTensor
test here:  torch.FloatTensor
test here:  torch.FloatTensor
test here:  torch.FloatTensor
test here:  torch.FloatTensor
test here:  torch.FloatTensor
test here:  torch.FloatTensor
test here:  torch.FloatTensor
test here:  torch.FloatTensor
test here:  torch.FloatTensor
2230
test here:  torch.FloatTensor
test here:  torch.FloatTensor
test here:  torch.FloatTensor
test here:  torch.FloatTensor
test here:  torch.FloatTensor
test here:  torch.FloatTensor
test here:  torch.FloatTensor
test here:  torch.FloatTensor
test here:  torch.FloatTensor
test here:  torch.FloatTensor
2240
test here:  torch.FloatTensor
test here:  torch.FloatTensor
test here:  torch.FloatTensor
test here:  torch.FloatTensor
test here:  torch.FloatTensor
test here:  torch.FloatTensor
test here:  torch.FloatTensor
test here:  torch.FloatTensor
test here:  torch.FloatTensor
test here:  torch.FloatTensor
2250
test here:  torch.FloatTensor
test here:  torch.FloatTensor
test here:  torch.FloatTensor
test here:  torch.FloatTensor
test here:  torch.FloatTensor
test here:  torch.FloatTensor
test here:  torch.FloatTensor
test here:  torch.FloatTensor
test here:  torch.FloatTensor
test here:  torch.FloatTensor
2260
test here:  torch.FloatTensor
test here:  torch.FloatTensor
test here:  torch.FloatTensor
test here:  torch.FloatTensor
test here:  torch.FloatTensor
test here:  torch.FloatTensor
test here:  torch.FloatTensor
test here:  torch.FloatTensor
test here:  torch.FloatTensor
test here:  torch.FloatTensor
2270
test here:  torch.FloatTensor
test here:  torch.FloatTensor
test here:  torch.FloatTensor
test here:  torch.FloatTensor
test here:  torch.FloatTensor
test here:  torch.FloatTensor
test here:  torch.FloatTensor
test here:  torch.FloatTensor
test here:  torch.FloatTensor
test here:  torch.FloatTensor
2280
test here:  torch.FloatTensor
test here:  torch.FloatTensor
test here:  torch.FloatTensor
test here:  torch.FloatTensor
test here:  torch.FloatTensor
test here:  torch.FloatTensor
test here:  torch.FloatTensor
test here:  torch.FloatTensor
test here:  torch.FloatTensor
test here:  torch.FloatTensor
2290
test here:  torch.FloatTensor
test here:  torch.FloatTensor
test here:  torch.FloatTensor
test here:  torch.FloatTensor
test here:  torch.FloatTensor
test here:  torch.FloatTensor
test here:  torch.FloatTensor
test here:  torch.FloatTensor
test here:  torch.FloatTensor
test here:  torch.FloatTensor
2300
test here:  torch.FloatTensor
test here:  torch.FloatTensor
test here:  torch.FloatTensor
test here:  torch.FloatTensor
test here:  torch.FloatTensor
test here:  torch.FloatTensor
test here:  torch.FloatTensor
test here:  torch.FloatTensor
test here:  torch.FloatTensor
test here:  torch.FloatTensor
2310
test here:  torch.FloatTensor
test here:  torch.FloatTensor
test here:  torch.FloatTensor
test here:  torch.FloatTensor
test here:  torch.FloatTensor
test here:  torch.FloatTensor
test here:  torch.FloatTensor
test here:  torch.FloatTensor
test here:  torch.FloatTensor
test here:  torch.FloatTensor
2320
test here:  torch.FloatTensor
test here:  torch.FloatTensor
test here:  torch.FloatTensor
test here:  torch.FloatTensor
test here:  torch.FloatTensor
test here:  torch.FloatTensor
test here:  torch.FloatTensor
test here:  torch.FloatTensor
test here:  torch.FloatTensor
test here:  torch.FloatTensor
2330
test here:  torch.FloatTensor
test here:  torch.FloatTensor
test here:  torch.FloatTensor
test here:  torch.FloatTensor
test here:  torch.FloatTensor
test here:  torch.FloatTensor
test here:  torch.FloatTensor
test here:  torch.FloatTensor
test here:  torch.FloatTensor
test here:  torch.FloatTensor
2340
test here:  torch.FloatTensor
test here:  torch.FloatTensor
test here:  torch.FloatTensor
test here:  torch.FloatTensor
test here:  torch.FloatTensor
test here:  torch.FloatTensor
test here:  torch.FloatTensor
test here:  torch.FloatTensor
test here:  torch.FloatTensor
test here:  torch.FloatTensor
2350
test here:  torch.FloatTensor
test here:  torch.FloatTensor
test here:  torch.FloatTensor
test here:  torch.FloatTensor
test here:  torch.FloatTensor
test here:  torch.FloatTensor
test here:  torch.FloatTensor
test here:  torch.FloatTensor
test here:  torch.FloatTensor
test here:  torch.FloatTensor
2360
test here:  torch.FloatTensor
test here:  torch.FloatTensor
test here:  torch.FloatTensor
test here:  torch.FloatTensor
test here:  torch.FloatTensor
test here:  torch.FloatTensor
test here:  torch.FloatTensor
test here:  torch.FloatTensor
test here:  torch.FloatTensor
test here:  torch.FloatTensor
2370
test here:  torch.FloatTensor
test here:  torch.FloatTensor
test here:  torch.FloatTensor
test here:  torch.FloatTensor
test here:  torch.FloatTensor
test here:  torch.FloatTensor
test here:  torch.FloatTensor
test here:  torch.FloatTensor
test here:  torch.FloatTensor
test here:  torch.FloatTensor
2380
test here:  torch.FloatTensor
test here:  torch.FloatTensor
test here:  torch.FloatTensor
test here:  torch.FloatTensor
test here:  torch.FloatTensor
test here:  torch.FloatTensor
test here:  torch.FloatTensor
test here:  torch.FloatTensor
test here:  torch.FloatTensor
test here:  torch.FloatTensor
2390
test here:  torch.FloatTensor
test here:  torch.FloatTensor
test here:  torch.FloatTensor
test here:  torch.FloatTensor
test here:  torch.FloatTensor
test here:  torch.FloatTensor
test here:  torch.FloatTensor
test here:  torch.FloatTensor
test here:  torch.FloatTensor
test here:  torch.FloatTensor
2400
test here:  torch.FloatTensor
test here:  torch.FloatTensor
test here:  torch.FloatTensor
test here:  torch.FloatTensor
srun: Job step aborted: Waiting up to 32 seconds for job step to finish.
slurmstepd: error: *** JOB 7363890 ON r31n6 CANCELLED AT 2021-01-19T17:07:59 ***
slurmstepd: error: *** STEP 7363890.0 ON r31n6 CANCELLED AT 2021-01-19T17:07:59 ***
